d:\00_opencv_project\study_at_australia\veriadic template\consoleapplication1\x64\release\consoleapplication1.pch
d:\00_opencv_project\study_at_australia\veriadic template\consoleapplication1\x64\release\vc141.pdb
d:\00_opencv_project\study_at_australia\veriadic template\consoleapplication1\x64\release\소스50.obj
d:\00_opencv_project\study_at_australia\veriadic template\consoleapplication1\x64\release\lambda_inheritanc.obj
d:\00_opencv_project\study_at_australia\veriadic template\consoleapplication1\x64\release\string_version2.obj
d:\00_opencv_project\study_at_australia\veriadic template\consoleapplication1\x64\release\string_view_version1.obj
d:\00_opencv_project\study_at_australia\veriadic template\consoleapplication1\x64\release\string_version1.obj
d:\00_opencv_project\study_at_australia\veriadic template\x64\release\consoleapplication1.ipdb
d:\00_opencv_project\study_at_australia\veriadic template\x64\release\consoleapplication1.iobj
d:\00_opencv_project\study_at_australia\veriadic template\x64\release\consoleapplication1.exe
d:\00_opencv_project\study_at_australia\veriadic template\x64\release\consoleapplication1.pdb
d:\00_opencv_project\study_at_australia\cpp\veriadic template\consoleapplication1\x64\release\lambda_inheritanc.obj
d:\00_opencv_project\study_at_australia\cpp\veriadic template\consoleapplication1\x64\release\string_version1.obj
d:\00_opencv_project\study_at_australia\cpp\veriadic template\consoleapplication1\x64\release\string_version2.obj
d:\00_opencv_project\study_at_australia\cpp\veriadic template\consoleapplication1\x64\release\string_view_version1.obj
d:\00_opencv_project\study_at_australia\cpp\veriadic template\consoleapplication1\x64\release\소스50.obj
d:\00_opencv_project\study_at_australia\cpp\veriadic template\consoleapplication1\x64\release\소스52.obj
d:\00_opencv_project\study_at_australia\cpp\veriadic template\consoleapplication1\x64\release\consoleapplication1.pch
d:\00_opencv_project\study_at_australia\cpp\veriadic template\consoleapplication1\x64\release\vc141.pdb
d:\00_opencv_project\study_at_australia\cpp\veriadic template\x64\release\consoleapplication1.pdb
d:\00_opencv_project\study_at_australia\cpp\veriadic template\x64\release\consoleapplication1.exe
d:\00_opencv_project\study_at_australia\cpp\veriadic template\consoleapplication1\x64\release\consolea.2899235c.tlog\cl.command.1.tlog
d:\00_opencv_project\study_at_australia\cpp\veriadic template\consoleapplication1\x64\release\consolea.2899235c.tlog\cl.read.1.tlog
d:\00_opencv_project\study_at_australia\cpp\veriadic template\consoleapplication1\x64\release\consolea.2899235c.tlog\cl.write.1.tlog
d:\00_opencv_project\study_at_australia\cpp\veriadic template\consoleapplication1\x64\release\consolea.2899235c.tlog\consoleapplication1.write.1u.tlog
d:\00_opencv_project\study_at_australia\cpp\veriadic template\consoleapplication1\x64\release\consolea.2899235c.tlog\link.command.1.tlog
d:\00_opencv_project\study_at_australia\cpp\veriadic template\consoleapplication1\x64\release\consolea.2899235c.tlog\link.read.1.tlog
d:\00_opencv_project\study_at_australia\cpp\veriadic template\consoleapplication1\x64\release\consolea.2899235c.tlog\link.write.1.tlog
