d:\00_opencv_project\study_at_australia\veriadic template\consoleapplication1\release\vc140.pdb
d:\00_opencv_project\study_at_australia\veriadic template\consoleapplication1\release\boost_variant.obj
d:\00_opencv_project\study_at_australia\veriadic template\consoleapplication1\release\std_tuple_construct.obj
d:\00_opencv_project\study_at_australia\veriadic template\consoleapplication1\release\std_tuple_swap.obj
d:\00_opencv_project\study_at_australia\veriadic template\consoleapplication1\release\std_tuple_operator.obj
d:\00_opencv_project\study_at_australia\veriadic template\consoleapplication1\release\std_tuple_integer_sequence_2.obj
d:\00_opencv_project\study_at_australia\veriadic template\consoleapplication1\release\std_tuple_integer_sequence.obj
d:\00_opencv_project\study_at_australia\veriadic template\consoleapplication1\release\std_tuple_element.obj
d:\00_opencv_project\study_at_australia\veriadic template\consoleapplication1\release\std_tuple_cat.obj
d:\00_opencv_project\study_at_australia\veriadic template\consoleapplication1\release\std_tuple_1.obj
d:\00_opencv_project\study_at_australia\veriadic template\consoleapplication1\release\std_tie.obj
d:\00_opencv_project\study_at_australia\veriadic template\consoleapplication1\release\std_get_or_std_tuple.obj
d:\00_opencv_project\study_at_australia\veriadic template\consoleapplication1\release\std_forward_as_tuple.obj
d:\00_opencv_project\study_at_australia\veriadic template\consoleapplication1\release\make_tuple.obj
d:\00_opencv_project\study_at_australia\veriadic template\consoleapplication1\release\map_pair.obj
d:\00_opencv_project\study_at_australia\veriadic template\consoleapplication1\release\map_pair_vector.obj
d:\00_opencv_project\study_at_australia\veriadic template\consoleapplication1\release\tuple_1.obj
d:\00_opencv_project\study_at_australia\veriadic template\consoleapplication1\release\lambda_inheritanc.obj
d:\00_opencv_project\study_at_australia\veriadic template\consoleapplication1\release\vc141.pdb
d:\00_opencv_project\study_at_australia\veriadic template\consoleapplication1\release\tuple_2.obj
d:\00_opencv_project\study_at_australia\veriadic template\consoleapplication1\release\consoleapplication1.pch
d:\00_opencv_project\study_at_australia\veriadic template\consoleapplication1\release\stdafx.obj
d:\00_opencv_project\study_at_australia\veriadic template\consoleapplication1\release\variadic_vector.obj
d:\00_opencv_project\study_at_australia\veriadic template\release\consoleapplication1.ipdb
d:\00_opencv_project\study_at_australia\veriadic template\release\consoleapplication1.iobj
d:\00_opencv_project\study_at_australia\veriadic template\release\consoleapplication1.exe
d:\00_opencv_project\study_at_australia\veriadic template\release\consoleapplication1.pdb
d:\00_opencv_project\study_at_australia\veriadic template\consoleapplication1\release\consolea.2899235c.tlog\cl.command.1.tlog
d:\00_opencv_project\study_at_australia\veriadic template\consoleapplication1\release\consolea.2899235c.tlog\cl.read.1.tlog
d:\00_opencv_project\study_at_australia\veriadic template\consoleapplication1\release\consolea.2899235c.tlog\cl.write.1.tlog
d:\00_opencv_project\study_at_australia\veriadic template\consoleapplication1\release\consolea.2899235c.tlog\consoleapplication1.write.1u.tlog
d:\00_opencv_project\study_at_australia\veriadic template\consoleapplication1\release\consolea.2899235c.tlog\link.command.1.tlog
d:\00_opencv_project\study_at_australia\veriadic template\consoleapplication1\release\consolea.2899235c.tlog\link.read.1.tlog
d:\00_opencv_project\study_at_australia\veriadic template\consoleapplication1\release\consolea.2899235c.tlog\link.write.1.tlog
