c:\users\song6\downloads\study_at_australia\veriadic template\consoleapplication1\debug\consoleapplication1.pch
c:\users\song6\downloads\study_at_australia\veriadic template\consoleapplication1\debug\vc140.pdb
c:\users\song6\downloads\study_at_australia\veriadic template\consoleapplication1\debug\vc140.idb
c:\users\song6\downloads\study_at_australia\veriadic template\consoleapplication1\debug\stdafx.obj
c:\users\song6\downloads\study_at_australia\veriadic template\consoleapplication1\debug\tuple_2.obj
c:\users\song6\downloads\study_at_australia\veriadic template\debug\consoleapplication1.ilk
c:\users\song6\downloads\study_at_australia\veriadic template\debug\consoleapplication1.exe
c:\users\song6\downloads\study_at_australia\veriadic template\debug\consoleapplication1.pdb
d:\00_opencv_project\study_at_australia\veriadic template\consoleapplication1\debug\stdafx.obj
d:\00_opencv_project\study_at_australia\veriadic template\consoleapplication1\debug\tuple_2.obj
d:\00_opencv_project\study_at_australia\veriadic template\consoleapplication1\debug\consoleapplication1.pch
d:\00_opencv_project\study_at_australia\veriadic template\consoleapplication1\debug\vc140.idb
d:\00_opencv_project\study_at_australia\veriadic template\consoleapplication1\debug\vc140.pdb
d:\00_opencv_project\study_at_australia\25_day_template_2\debug\consoleapplication1.pdb
d:\00_opencv_project\study_at_australia\25_day_template_2\debug\consoleapplication1.exe
d:\00_opencv_project\study_at_australia\25_day_template_2\debug\consoleapplication1.ilk
d:\00_opencv_project\study_at_australia\veriadic template\consoleapplication1\debug\consolea.2899235c.tlog\cl.command.1.tlog
d:\00_opencv_project\study_at_australia\veriadic template\consoleapplication1\debug\consolea.2899235c.tlog\cl.read.1.tlog
d:\00_opencv_project\study_at_australia\veriadic template\consoleapplication1\debug\consolea.2899235c.tlog\cl.write.1.tlog
d:\00_opencv_project\study_at_australia\veriadic template\consoleapplication1\debug\consolea.2899235c.tlog\link.command.1.tlog
d:\00_opencv_project\study_at_australia\veriadic template\consoleapplication1\debug\consolea.2899235c.tlog\link.read.1.tlog
d:\00_opencv_project\study_at_australia\veriadic template\consoleapplication1\debug\consolea.2899235c.tlog\link.write.1.tlog
